[2026-04-26 19:00:57] Streaming training logs to backend/artifacts/cgan_reproduction_confirm_tune7_sngan_conservative_g128_d160_20260426/train.log
[2026-04-26 19:00:58] Loaded dataset (source=paper, train_samples=45000, test_samples=5000, output_dir=backend/artifacts/cgan_reproduction_confirm_tune7_sngan_conservative_g128_d160_20260426)
[2026-04-26 19:00:58] Runtime (device=cuda, cuda_available=True, torch=2.11.0+cu128)
[2026-04-26 19:00:58] Progress logging (regressor_every=500 epochs, train_every=80 epochs, paper_eval_every=250 targets, checkpoint_eval_interval=500, checkpoint_samples_per_lab=64)
[2026-04-26 19:00:58] Training config (g_lr=0.001, d_lr=0.0002, steps_per_batch=1, g_hidden=128, g_depth=4, d_hidden=160, d_depth=4, alpha_ramp_epochs=80000, max_alpha=0.2, retrieval_metric=delta_e_2000)
[2026-04-26 19:00:58] Checkpoint score weights (mean_best_delta_e=1.0, median_best_delta_e=0.02, d2_within_5nm=8.0, mean_jsd=0.5, d3_jsd=2.0)
[2026-04-26 19:00:59] Regressor pretraining started (epochs=10000, batch_size=16384, samples=45000)
[2026-04-26 19:01:08] Regressor 500/10000 | loss=0.019972 | elapsed=9s | eta=3m00s
[2026-04-26 19:01:17] Regressor 1000/10000 | loss=0.036626 | elapsed=19s | eta=2m48s
[2026-04-26 19:01:27] Regressor 1500/10000 | loss=0.010442 | elapsed=28s | eta=2m38s
[2026-04-26 19:01:36] Regressor 2000/10000 | loss=0.008923 | elapsed=37s | eta=2m29s
[2026-04-26 19:01:45] Regressor 2500/10000 | loss=0.006207 | elapsed=46s | eta=2m19s
[2026-04-26 19:01:54] Regressor 3000/10000 | loss=0.009884 | elapsed=56s | eta=2m10s
[2026-04-26 19:02:04] Regressor 3500/10000 | loss=0.012817 | elapsed=1m05s | eta=2m01s
[2026-04-26 19:02:13] Regressor 4000/10000 | loss=0.004953 | elapsed=1m14s | eta=1m51s
[2026-04-26 19:02:22] Regressor 4500/10000 | loss=0.002119 | elapsed=1m23s | eta=1m42s
[2026-04-26 19:02:31] Regressor 5000/10000 | loss=0.005603 | elapsed=1m33s | eta=1m33s
[2026-04-26 19:02:41] Regressor 5500/10000 | loss=0.012112 | elapsed=1m42s | eta=1m23s
[2026-04-26 19:02:50] Regressor 6000/10000 | loss=0.005974 | elapsed=1m51s | eta=1m14s
[2026-04-26 19:02:59] Regressor 6500/10000 | loss=0.003963 | elapsed=2m01s | eta=1m05s
[2026-04-26 19:03:09] Regressor 7000/10000 | loss=0.004485 | elapsed=2m10s | eta=56s
[2026-04-26 19:03:18] Regressor 7500/10000 | loss=0.003111 | elapsed=2m19s | eta=46s
[2026-04-26 19:03:27] Regressor 8000/10000 | loss=0.005176 | elapsed=2m28s | eta=37s
[2026-04-26 19:03:36] Regressor 8500/10000 | loss=0.003285 | elapsed=2m38s | eta=28s
[2026-04-26 19:03:46] Regressor 9000/10000 | loss=0.002365 | elapsed=2m47s | eta=19s
[2026-04-26 19:03:55] Regressor 9500/10000 | loss=0.003978 | elapsed=2m56s | eta=9s
[2026-04-26 19:04:04] Regressor 10000/10000 | loss=0.002449 | elapsed=3m06s | eta=unknown
[2026-04-26 19:04:04] Regressor pretraining complete in 3m06s
[2026-04-26 19:04:04] Adversarial training started (epochs=4000, batch_size=16384, samples=45000, device=cuda)
[2026-04-26 19:04:07] Train 80/4000 | d_loss=1.000012 | g_loss=-0.057648 | lab_mse=0.727116 | alpha=0.0002 | elapsed=3s | eta=2m24s
[2026-04-26 19:04:10] Train 160/4000 | d_loss=0.999984 | g_loss=-0.058700 | lab_mse=0.507854 | alpha=0.0004 | elapsed=6s | eta=2m20s
[2026-04-26 19:04:13] Train 240/4000 | d_loss=0.999977 | g_loss=-0.050679 | lab_mse=0.551233 | alpha=0.0006 | elapsed=9s | eta=2m17s
[2026-04-26 19:04:16] Train 320/4000 | d_loss=0.999963 | g_loss=-0.065251 | lab_mse=0.454850 | alpha=0.0008 | elapsed=12s | eta=2m14s
[2026-04-26 19:04:19] Train 400/4000 | d_loss=0.999923 | g_loss=-0.047298 | lab_mse=0.562516 | alpha=0.0010 | elapsed=15s | eta=2m11s
[2026-04-26 19:04:22] Train 480/4000 | d_loss=1.000000 | g_loss=-0.041356 | lab_mse=0.614761 | alpha=0.0012 | elapsed=17s | eta=2m08s
[2026-04-26 19:04:22] Checkpoint evaluation started at epoch 500 (paper_reproduction.checkpoint_score)
[2026-04-26 19:04:22] Checkpoint paper evaluation started (5000 targets)
[2026-04-26 19:05:06] Checkpoint paper evaluation 250/5000 | elapsed=44s | eta=13m52s
[2026-04-26 19:05:50] Checkpoint paper evaluation 500/5000 | elapsed=1m27s | eta=13m07s
[2026-04-26 19:06:34] Checkpoint paper evaluation 750/5000 | elapsed=2m12s | eta=12m25s
[2026-04-26 19:07:18] Checkpoint paper evaluation 1000/5000 | elapsed=2m56s | eta=11m43s
[2026-04-26 19:08:02] Checkpoint paper evaluation 1250/5000 | elapsed=3m40s | eta=11m00s
[2026-04-26 19:08:47] Checkpoint paper evaluation 1500/5000 | elapsed=4m24s | eta=10m16s
[2026-04-26 19:09:31] Checkpoint paper evaluation 1750/5000 | elapsed=5m09s | eta=9m33s
[2026-04-26 19:10:15] Checkpoint paper evaluation 2000/5000 | elapsed=5m53s | eta=8m49s
[2026-04-26 19:10:59] Checkpoint paper evaluation 2250/5000 | elapsed=6m37s | eta=8m05s
[2026-04-26 19:11:44] Checkpoint paper evaluation 2500/5000 | elapsed=7m21s | eta=7m21s
[2026-04-26 19:12:28] Checkpoint paper evaluation 2750/5000 | elapsed=8m06s | eta=6m37s
[2026-04-26 19:13:12] Checkpoint paper evaluation 3000/5000 | elapsed=8m50s | eta=5m53s
[2026-04-26 19:13:56] Checkpoint paper evaluation 3250/5000 | elapsed=9m34s | eta=5m09s
[2026-04-26 19:14:40] Checkpoint paper evaluation 3500/5000 | elapsed=10m18s | eta=4m25s
[2026-04-26 19:15:24] Checkpoint paper evaluation 3750/5000 | elapsed=11m02s | eta=3m41s
[2026-04-26 19:16:09] Checkpoint paper evaluation 4000/5000 | elapsed=11m46s | eta=2m57s
[2026-04-26 19:16:53] Checkpoint paper evaluation 4250/5000 | elapsed=12m30s | eta=2m12s
[2026-04-26 19:17:37] Checkpoint paper evaluation 4500/5000 | elapsed=13m15s | eta=1m28s
[2026-04-26 19:18:22] Checkpoint paper evaluation 4750/5000 | elapsed=13m59s | eta=44s
[2026-04-26 19:19:06] Checkpoint paper evaluation 5000/5000 | elapsed=14m44s | eta=unknown
[2026-04-26 19:19:06] Checkpoint paper evaluation complete in 14m44s
[2026-04-26 19:19:06] Persisted best checkpoint (epoch=500, paper_reproduction.checkpoint_score=28.569329, mean_best_delta_e=20.350456, median_best_delta_e=17.603158, d2_within_5nm=0.088200)
[2026-04-26 19:19:06] Checkpoint evaluation complete at epoch 500 | paper_reproduction.checkpoint_score=28.569329 | new best checkpoint
[2026-04-26 19:19:08] Train 560/4000 | d_loss=0.999884 | g_loss=-0.041215 | lab_mse=0.602184 | alpha=0.0014 | elapsed=15m04s | eta=1h32m33s
[2026-04-26 19:19:11] Train 640/4000 | d_loss=0.999576 | g_loss=-0.028509 | lab_mse=0.685662 | alpha=0.0016 | elapsed=15m07s | eta=1h19m21s
[2026-04-26 19:19:14] Train 720/4000 | d_loss=0.999882 | g_loss=-0.038511 | lab_mse=0.644847 | alpha=0.0018 | elapsed=15m10s | eta=1h09m04s
[2026-04-26 19:19:17] Train 800/4000 | d_loss=0.999989 | g_loss=-0.021663 | lab_mse=0.574339 | alpha=0.0020 | elapsed=15m13s | eta=1h00m50s
[2026-04-26 19:19:20] Train 880/4000 | d_loss=1.000046 | g_loss=-0.153346 | lab_mse=0.552496 | alpha=0.0022 | elapsed=15m15s | eta=54m05s
[2026-04-26 19:19:22] Train 960/4000 | d_loss=0.999995 | g_loss=-0.156566 | lab_mse=0.435699 | alpha=0.0024 | elapsed=15m18s | eta=48m28s
[2026-04-26 19:19:24] Checkpoint evaluation started at epoch 1000 (paper_reproduction.checkpoint_score)
[2026-04-26 19:19:24] Checkpoint paper evaluation started (5000 targets)
[2026-04-26 19:20:08] Checkpoint paper evaluation 250/5000 | elapsed=44s | eta=13m54s
[2026-04-26 19:20:52] Checkpoint paper evaluation 500/5000 | elapsed=1m28s | eta=13m13s
[2026-04-26 19:21:37] Checkpoint paper evaluation 750/5000 | elapsed=2m13s | eta=12m32s
